2023-02-14 23:50:20:5020 - [31merror[39m: [31mNão foi possivel conectar![39m
2023-02-14 23:50:20:5020 - [31merror[39m: [31mErro: Error: querySrv EREFUSED _mongodb._tcp.cluster0.kg7lpwo.mongodb.net[39m
2023-02-14 23:59:41:5941 - [31merror[39m: [31mNão foi possivel conectar![39m
2023-02-14 23:59:41:5941 - [31merror[39m: [31mErro: Error: querySrv EREFUSED _mongodb._tcp.cluster0.kg7lpwo.mongodb.net[39m
2023-02-15 00:00:01:01 - [31merror[39m: [31mNão foi possivel conectar![39m
2023-02-15 00:00:01:01 - [31merror[39m: [31mErro: Error: querySrv EREFUSED _mongodb._tcp.cluster0.kg7lpwo.mongodb.net[39m
2023-02-15 00:01:59:159 - [31merror[39m: [31mNão foi possivel conectar![39m
2023-02-15 00:01:59:159 - [31merror[39m: [31mErro: Error: querySrv ENOTFOUND _mongodb._tcp.cluster0.k7lpwo.mongodb.net[39m
2023-02-15 00:06:31:631 - [31merror[39m: [31mNão foi possivel conectar![39m
2023-02-15 00:18:57:1857 - [31merror[39m: [31mNão foi possivel conectar![39m
2023-02-15 00:23:29:2329 - [31merror[39m: [31mNão foi possivel conectar![39m
2023-02-15 00:24:42:2442 - [31merror[39m: [31mNão foi possivel conectar![39m
2023-02-15 00:24:54:2454 - [31merror[39m: [31mNão foi possivel conectar![39m
2023-02-15 00:25:54:2554 - [31merror[39m: [31mNão foi possivel conectar![39m
2023-02-15 22:59:09:599 - [31merror[39m: [31mNão foi possivel conectar![39m
2023-02-15 23:33:12:3312 - [31merror[39m: [31mNão foi possivel conectar![39m
2023-02-16 00:20:22:2022 - [31merror[39m: [31mNão foi possivel conectar![39m
2023-02-16 22:14:59:1459 - [31merror[39m: [31mNão foi possivel conectar![39m
2023-02-16 22:17:58:1758 - [31merror[39m: [31mNão foi possivel conectar![39m
2023-02-16 22:18:07:187 - [31merror[39m: [31mNão foi possivel conectar![39m
2023-02-16 22:18:18:1818 - [31merror[39m: [31mNão foi possivel conectar![39m
2023-02-16 22:18:28:1828 - [31merror[39m: [31mNão foi possivel conectar![39m
2023-02-16 22:19:35:1935 - [31merror[39m: [31mNão foi possivel conectar![39m
2023-02-16 22:19:46:1946 - [31merror[39m: [31mNão foi possivel conectar![39m
2023-02-16 22:19:51:1951 - [31merror[39m: [31mNão foi possivel conectar![39m
2023-02-16 22:20:14:2014 - [31merror[39m: [31mNão foi possivel conectar![39m
2023-02-16 22:20:19:2019 - [31merror[39m: [31mNão foi possivel conectar![39m
2023-02-16 22:21:17:2117 - [31merror[39m: [31mNão foi possivel conectar![39m
2023-02-16 22:22:00:220 - [31merror[39m: [31mNão foi possivel conectar![39m
2023-02-18 18:08:39:839 - [31merror[39m: [31mNão foi possivel conectar![39m
2023-02-18 18:14:41:1441 - [31merror[39m: [31mNão foi possivel conectar![39m
2023-02-18 18:18:03:183 - [31merror[39m: [31mNão foi possivel conectar![39m
2023-02-18 18:18:24:1824 - [31merror[39m: [31mNão foi possivel conectar![39m
2023-02-18 18:22:32:2232 - [31merror[39m: [31mNão foi possivel conectar![39m
2023-02-18 18:23:06:236 - [31merror[39m: [31mNão foi possivel conectar![39m
2023-02-18 18:23:21:2321 - [31merror[39m: [31mNão foi possivel conectar![39m
2023-02-18 18:23:29:2329 - [31merror[39m: [31mNão foi possivel conectar![39m
2023-02-18 18:23:55:2355 - [31merror[39m: [31mNão foi possivel conectar![39m
2023-02-18 18:24:18:2418 - [31merror[39m: [31mNão foi possivel conectar![39m
2023-02-18 18:24:23:2423 - [31merror[39m: [31mNão foi possivel conectar![39m
2023-02-18 18:31:01:311 - [31merror[39m: [31mNão foi possivel conectar![39m
2023-02-18 18:43:05:435 - [31merror[39m: [31mNão foi possivel conectar![39m
2023-02-18 19:08:44:844 - [31merror[39m: [31mNão foi possivel conectar![39m
2023-02-18 19:15:20:1520 - [31merror[39m: [31mNão foi possivel conectar![39m
2023-02-18 19:15:25:1525 - [31merror[39m: [31mNão foi possivel conectar![39m
2023-02-18 19:15:39:1539 - [31merror[39m: [31mNão foi possivel conectar![39m
2023-02-18 19:15:47:1547 - [31merror[39m: [31mNão foi possivel conectar![39m
2023-02-18 19:16:04:164 - [31merror[39m: [31mNão foi possivel conectar![39m
2023-02-18 19:16:10:1610 - [31merror[39m: [31mNão foi possivel conectar![39m
2023-02-18 19:19:22:1922 - [31merror[39m: [31mNão foi possivel conectar![39m
2023-02-18 19:19:54:1954 - [31merror[39m: [31mNão foi possivel conectar![39m
2023-02-18 19:20:11:2011 - [31merror[39m: [31mNão foi possivel conectar![39m
2023-02-18 19:20:59:2059 - [31merror[39m: [31mNão foi possivel conectar![39m
2023-02-18 19:21:09:219 - [31merror[39m: [31mNão foi possivel conectar![39m
2023-02-18 19:21:20:2120 - [31merror[39m: [31mNão foi possivel conectar![39m
2023-02-18 19:21:22:2122 - [31merror[39m: [31mNão foi possivel conectar![39m
2023-02-18 19:21:27:2127 - [31merror[39m: [31mNão foi possivel conectar![39m
2023-02-18 19:23:06:236 - [31merror[39m: [31mNão foi possivel conectar![39m
2023-02-18 19:23:54:2354 - [31merror[39m: [31mNão foi possivel conectar![39m
2023-02-18 19:55:15:5515 - [31merror[39m: [31mNão foi possivel conectar![39m
2023-02-18 19:55:39:5539 - [31merror[39m: [31mNão foi possivel conectar![39m
2023-02-18 19:56:06:566 - [31merror[39m: [31mNão foi possivel conectar![39m
2023-02-18 19:57:10:5710 - [31merror[39m: [31mNão foi possivel conectar![39m
2023-02-18 19:57:28:5728 - [31merror[39m: [31mNão foi possivel conectar![39m
2023-02-18 19:57:41:5741 - [31merror[39m: [31mNão foi possivel conectar![39m
2023-02-18 19:57:52:5752 - [31merror[39m: [31mNão foi possivel conectar![39m
2023-02-18 19:57:57:5757 - [31merror[39m: [31mNão foi possivel conectar![39m
2023-02-18 19:57:59:5759 - [31merror[39m: [31mNão foi possivel conectar![39m
2023-02-18 19:58:05:585 - [31merror[39m: [31mNão foi possivel conectar![39m
2023-02-18 20:05:22:522 - [31merror[39m: [31mErro no sistema: Cast to ObjectId failed for value "63f150150e56b85de128341t" (type string) at path "_id" for model "Movie"[39m
2023-02-18 20:07:42:742 - [31merror[39m: [31mErro no sistema: Cast to ObjectId failed for value "63f159c562a59cbe966b992x" (type string) at path "_id" for model "Movie"[39m
2023-02-18 20:10:35:1035 - [31merror[39m: [31mNão foi possivel conectar![39m
2023-02-18 20:13:08:138 - [31merror[39m: [31mNão foi possivel conectar![39m
2023-02-18 20:14:01:141 - [31merror[39m: [31mNão foi possivel conectar![39m
2023-02-18 20:14:07:147 - [31merror[39m: [31mNão foi possivel conectar![39m
2023-02-18 20:14:21:1421 - [31merror[39m: [31mNão foi possivel conectar![39m
2023-02-18 20:14:34:1434 - [31merror[39m: [31mNão foi possivel conectar![39m
2023-02-18 20:14:53:1453 - [31merror[39m: [31mNão foi possivel conectar![39m
2023-02-18 20:15:00:150 - [31merror[39m: [31mNão foi possivel conectar![39m
2023-02-18 20:16:51:1651 - [31merror[39m: [31mNão foi possivel conectar![39m
2023-02-18 20:17:14:1714 - [31merror[39m: [31mNão foi possivel conectar![39m
2023-02-18 21:09:17:917 - [31merror[39m: [31mNão foi possivel conectar![39m
2023-02-18 21:09:43:943 - [31merror[39m: [31mNão foi possivel conectar![39m
2023-02-18 21:09:58:958 - [31merror[39m: [31mNão foi possivel conectar![39m
2023-02-18 21:49:11:4911 - [31merror[39m: [31mNão foi possivel conectar![39m
2023-02-18 22:05:51:551 - [31merror[39m: [31mNão foi possivel conectar![39m
2023-02-18 22:09:27:927 - [31merror[39m: [31mNão foi possivel conectar![39m
2023-02-18 22:09:56:956 - [31merror[39m: [31mNão foi possivel conectar![39m
2023-02-18 22:10:07:107 - [31merror[39m: [31mNão foi possivel conectar![39m
2023-02-18 22:10:14:1014 - [31merror[39m: [31mNão foi possivel conectar![39m
2023-02-18 22:10:16:1016 - [31merror[39m: [31mNão foi possivel conectar![39m
2023-02-18 22:10:20:1020 - [31merror[39m: [31mNão foi possivel conectar![39m
2023-02-18 22:20:48:2048 - [31merror[39m: [31mErro no sistema: Cast to ObjectId failed for value "63edaaa056fb946597a18b3" (type string) at path "_id" for model "Movie"[39m
2023-02-18 22:24:02:242 - [31merror[39m: [31mErro no sistema: Cast to ObjectId failed for value "63edaaa056fb946597a18b3" (type string) at path "_id" for model "Movie"[39m
2023-02-19 16:07:24:724 - [31merror[39m: [31mNão foi possivel conectar![39m
2023-02-19 16:42:51:4251 - [31merror[39m: [31mNão foi possivel conectar![39m
2023-02-19 16:48:40:4840 - [31merror[39m: [31mNão foi possivel conectar![39m
2023-02-19 16:50:25:5025 - [31merror[39m: [31mNão foi possivel conectar![39m
2023-02-19 16:51:57:5157 - [31merror[39m: [31mNão foi possivel conectar![39m
2023-02-19 16:53:12:5312 - [31merror[39m: [31mNão foi possivel conectar![39m
2023-02-19 16:57:47:5747 - [31merror[39m: [31mNão foi possivel conectar![39m
2023-02-19 17:21:53:2153 - [31merror[39m: [31mNão foi possivel conectar![39m
